freqtrade hyperopt -s MoniGoManiHyperStrategy -c ./user_data/mgm-config.json -c ./user_data/mgm-config-private.json --hyperopt-loss WinRatioAndProfitRatioLoss --spaces all -e 1000 --timerange 20210101-20210316 --enable-protections
======================================================================================================================================================================================================================================
INFO - No params for buy found, using default values.
INFO - Strategy Parameter(default): buy___trades_when_downwards = True
INFO - Strategy Parameter(default): buy___trades_when_sideways = False
INFO - Strategy Parameter(default): buy___trades_when_upwards = True
INFO - Strategy Parameter(default): buy__downwards_trend_total_signal_needed = 465
INFO - Strategy Parameter(default): buy__downwards_trend_total_signal_needed_candles_lookback_window = 3
INFO - Strategy Parameter(default): buy__sideways_trend_total_signal_needed = 465
INFO - Strategy Parameter(default): buy__sideways_trend_total_signal_needed_candles_lookback_window = 3
INFO - Strategy Parameter(default): buy__upwards_trend_total_signal_needed = 465
INFO - Strategy Parameter(default): buy__upwards_trend_total_signal_needed_candles_lookback_window = 3
INFO - Strategy Parameter(default): buy_downwards_trend_adx_strong_up_weight = 50
INFO - Strategy Parameter(default): buy_downwards_trend_bollinger_bands_weight = 50
INFO - Strategy Parameter(default): buy_downwards_trend_ema_long_golden_cross_weight = 50
INFO - Strategy Parameter(default): buy_downwards_trend_ema_short_golden_cross_weight = 50
INFO - Strategy Parameter(default): buy_downwards_trend_macd_weight = 50
INFO - Strategy Parameter(default): buy_downwards_trend_rsi_weight = 50
INFO - Strategy Parameter(default): buy_downwards_trend_sma_long_golden_cross_weight = 50
INFO - Strategy Parameter(default): buy_downwards_trend_sma_short_golden_cross_weight = 50
INFO - Strategy Parameter(default): buy_downwards_trend_vwap_cross_weight = 50
INFO - Strategy Parameter(default): buy_sideways_trend_adx_strong_up_weight = 50
INFO - Strategy Parameter(default): buy_sideways_trend_bollinger_bands_weight = 50
INFO - Strategy Parameter(default): buy_sideways_trend_ema_long_golden_cross_weight = 50
INFO - Strategy Parameter(default): buy_sideways_trend_ema_short_golden_cross_weight = 50
INFO - Strategy Parameter(default): buy_sideways_trend_macd_weight = 50
INFO - Strategy Parameter(default): buy_sideways_trend_rsi_weight = 50
INFO - Strategy Parameter(default): buy_sideways_trend_sma_long_golden_cross_weight = 50
INFO - Strategy Parameter(default): buy_sideways_trend_sma_short_golden_cross_weight = 50
INFO - Strategy Parameter(default): buy_sideways_trend_vwap_cross_weight = 50
INFO - Strategy Parameter(default): buy_upwards_trend_adx_strong_up_weight = 50
INFO - Strategy Parameter(default): buy_upwards_trend_bollinger_bands_weight = 50
INFO - Strategy Parameter(default): buy_upwards_trend_ema_long_golden_cross_weight = 50
INFO - Strategy Parameter(default): buy_upwards_trend_ema_short_golden_cross_weight = 50
INFO - Strategy Parameter(default): buy_upwards_trend_macd_weight = 50
INFO - Strategy Parameter(default): buy_upwards_trend_rsi_weight = 50
INFO - Strategy Parameter(default): buy_upwards_trend_sma_long_golden_cross_weight = 50
INFO - Strategy Parameter(default): buy_upwards_trend_sma_short_golden_cross_weight = 50
INFO - Strategy Parameter(default): buy_upwards_trend_vwap_cross_weight = 50
INFO - No params for sell found, using default values.
INFO - Strategy Parameter(default): sell___trades_when_downwards = True
INFO - Strategy Parameter(default): sell___trades_when_sideways = False
INFO - Strategy Parameter(default): sell___trades_when_upwards = True
INFO - Strategy Parameter(default): sell___unclogger_enabled = True
INFO - Strategy Parameter(default): sell___unclogger_minimal_losing_trade_duration_minutes = 37
INFO - Strategy Parameter(default): sell___unclogger_minimal_losing_trades_open = 3
INFO - Strategy Parameter(default): sell___unclogger_open_trades_losing_percentage_needed = 30
INFO - Strategy Parameter(default): sell___unclogger_trend_lookback_candles_window = 35
INFO - Strategy Parameter(default): sell___unclogger_trend_lookback_candles_window_percentage_needed = 25
INFO - Strategy Parameter(default): sell___unclogger_trend_lookback_window_uses_downwards_candles = True
INFO - Strategy Parameter(default): sell___unclogger_trend_lookback_window_uses_sideways_candles = True
INFO - Strategy Parameter(default): sell___unclogger_trend_lookback_window_uses_upwards_candles = False
INFO - Strategy Parameter(default): sell__downwards_trend_total_signal_needed = 465
INFO - Strategy Parameter(default): sell__downwards_trend_total_signal_needed_candles_lookback_window = 3
INFO - Strategy Parameter(default): sell__sideways_trend_total_signal_needed = 465
INFO - Strategy Parameter(default): sell__sideways_trend_total_signal_needed_candles_lookback_window = 3
INFO - Strategy Parameter(default): sell__upwards_trend_total_signal_needed = 465
INFO - Strategy Parameter(default): sell__upwards_trend_total_signal_needed_candles_lookback_window = 3
INFO - Strategy Parameter(default): sell_downwards_trend_adx_strong_down_weight = 50
INFO - Strategy Parameter(default): sell_downwards_trend_bollinger_bands_weight = 50
INFO - Strategy Parameter(default): sell_downwards_trend_ema_long_death_cross_weight = 50
INFO - Strategy Parameter(default): sell_downwards_trend_ema_short_death_cross_weight = 50
INFO - Strategy Parameter(default): sell_downwards_trend_macd_weight = 50
INFO - Strategy Parameter(default): sell_downwards_trend_rsi_weight = 50
INFO - Strategy Parameter(default): sell_downwards_trend_sma_long_death_cross_weight = 50
INFO - Strategy Parameter(default): sell_downwards_trend_sma_short_death_cross_weight = 50
INFO - Strategy Parameter(default): sell_downwards_trend_vwap_cross_weight = 50
INFO - Strategy Parameter(default): sell_sideways_trend_adx_strong_down_weight = 50
INFO - Strategy Parameter(default): sell_sideways_trend_bollinger_bands_weight = 50
INFO - Strategy Parameter(default): sell_sideways_trend_ema_long_death_cross_weight = 50
INFO - Strategy Parameter(default): sell_sideways_trend_ema_short_death_cross_weight = 50
INFO - Strategy Parameter(default): sell_sideways_trend_macd_weight = 50
INFO - Strategy Parameter(default): sell_sideways_trend_rsi_weight = 50
INFO - Strategy Parameter(default): sell_sideways_trend_sma_long_death_cross_weight = 50
INFO - Strategy Parameter(default): sell_sideways_trend_sma_short_death_cross_weight = 50
INFO - Strategy Parameter(default): sell_sideways_trend_vwap_cross_weight = 50
INFO - Strategy Parameter(default): sell_upwards_trend_adx_strong_down_weight = 50
INFO - Strategy Parameter(default): sell_upwards_trend_bollinger_bands_weight = 50
INFO - Strategy Parameter(default): sell_upwards_trend_ema_long_death_cross_weight = 50
INFO - Strategy Parameter(default): sell_upwards_trend_ema_short_death_cross_weight = 50
INFO - Strategy Parameter(default): sell_upwards_trend_macd_weight = 50
INFO - Strategy Parameter(default): sell_upwards_trend_rsi_weight = 50
INFO - Strategy Parameter(default): sell_upwards_trend_sma_long_death_cross_weight = 50
INFO - Strategy Parameter(default): sell_upwards_trend_sma_short_death_cross_weight = 50
INFO - Strategy Parameter(default): sell_upwards_trend_vwap_cross_weight = 50

INFO - Override strategy 'order_types' with value in config file: {'buy': 'limit', 'sell': 'limit', 'stoploss': 'market', 'stoploss_on_exchange': False}.
INFO - Override strategy 'order_time_in_force' with value in config file: {'buy': 'gtc', 'sell': 'gtc'}.
INFO - Override strategy 'stake_currency' with value in config file: USDT.
INFO - Override strategy 'stake_amount' with value in config file: 45.
INFO - Override strategy 'protections' with value in config file: [{'method': 'StoplossGuard', 'lookback_period_minutes': 180, 'trade_limit': 3, 'stop_duration_minutes': 180, 'only_per_pair': True}, {'method': 'MaxDrawdown', 'lookback_period_minutes': 1440, 'trade_limit': 20, 'stop_duration_minutes': 720, 'max_allowed_drawdown': 0.2}, {'method': 'LowProfitPairs', 'lookback_period_minutes': 360, 'trade_limit': 3, 'stop_duration': 360, 'required_profit': 0.02}, {'method': 'CooldownPeriod', 'stop_duration_minutes': 120}].
INFO - Override strategy 'unfilledtimeout' with value in config file: {'buy': 10, 'sell': 30, 'unit': 'minutes'}.
INFO - Override strategy 'use_sell_signal' with value in config file: True.
INFO - Override strategy 'sell_profit_only' with value in config file: False.
INFO - Override strategy 'ignore_roi_if_buy_signal' with value in config file: True.
INFO - Strategy using minimal_roi: {'0': 10.0}
INFO - Strategy using timeframe: 5m
INFO - Strategy using stoploss: -0.25
INFO - Strategy using trailing_stop: True
INFO - Strategy using trailing_stop_positive: 0.01
INFO - Strategy using trailing_stop_positive_offset: 0.03
INFO - Strategy using trailing_only_offset_is_reached: True
INFO - Strategy using use_custom_stoploss: True
INFO - Strategy using process_only_new_candles: False
INFO - Strategy using startup_candle_count: 4800
INFO - Strategy using sell_profit_offset: 0.0
INFO - Strategy using disable_dataframe_checks: False
INFO - Strategy using ignore_buying_expired_candle_after: 0
INFO - Using optimizer random state: 5214
INFO - Min roi table: {0: 0.03, 5: 0.025, 10: 0.02, 15: 0.015, 20: 0.01, 25: 0.005, 30: 0}
INFO - Max roi table: {0: 0.31, 5: 0.285, 10: 0.26, 15: 0.235, 20: 0.21, 25: 0.185, 30: 0.16, 35: 0.135, 40: 0.11, 45: 0.104, 50: 0.098, 55: 0.093, 60: 0.087, 65: 0.081, 70: 0.075, 75: 0.069, 80: 0.063, 85: 0.058, 90: 0.052, 95: 0.046, 100: 0.04, 105: 0.038, 110: 0.037, 115: 0.035, 120: 0.033, 125: 0.032, 130: 0.03, 135: 0.028, 140: 0.027, 145: 0.025, 150: 0.023, 155: 0.022, 160: 0.02, 165: 0.018, 170: 0.017, 175: 0.015, 180: 0.013, 185: 0.012, 190: 0.01, 195: 0.008, 200: 0.007, 205: 0.005, 210: 0.003, 215: 0.002, 220: 0}
INFO - Using indicator startup period: 4800 ...
INFO - Loading data from 2020-12-15 08:00:00 up to 2021-03-16 00:00:00 (90 days).
INFO - Dataload complete. Calculating indicators
INFO - Hyperopting with data from 2021-01-01 00:00:00 up to 2021-03-16 00:00:00 (74 days)..
+--------+-----------+----------+------------------+--------------+-------------------------------+-----------------+--------------+                                                   
|   Best |     Epoch |   Trades |    Win Draw Loss |   Avg profit |                        Profit |    Avg duration |    Objective |
|--------+-----------+----------+------------------+--------------+-------------------------------+-----------------+--------------|
+--------+-----------+----------+------------------+--------------+-------------------------------+-----------------+---------------+
|   Best |     Epoch |   Trades |    Win Draw Loss |   Avg profit |                        Profit |    Avg duration |     Objective |
|--------+-----------+----------+------------------+--------------+-------------------------------+-----------------+---------------|
| * Best |    1/1000 |      352 |    209   63   80 |        0.84% |       132.484 USDT   (26.50%) | 0 days 06:18:00 | -17,463.06577 |
| * Best |    2/1000 |      424 |    160  104  160 |        1.29% |       245.953 USDT   (49.19%) | 0 days 09:01:00 | -20,604.36774 |                                                  
| * Best |    3/1000 |      398 |    151   79  168 |        3.21% |       575.770 USDT  (115.15%) | 0 days 22:42:00 | -48,494.96529 |
| * Best |   27/1000 |      296 |    135   31  130 |        4.10% |       546.459 USDT  (109.29%) | 0 days 22:52:00 | -55,329.07404 |                                                  
|   Best |   36/1000 |      508 |    224  101  183 |        2.63% |       602.415 USDT  (120.48%) | 0 days 18:03:00 | -58,970.34296 |                                                  
|   Best |   37/1000 |      307 |    142   80   85 |        4.41% |       610.512 USDT  (122.10%) | 1 days 04:12:00 | -62,689.88581 |
|   Best |   52/1000 |      494 |    252   88  154 |        3.54% |       787.491 USDT  (157.50%) | 1 days 05:29:00 | -89,181.02340 |                                                  

Elapsed Time: 1:05:41

2021-06-05 10:58:16,633 - freqtrade - ERROR - Fatal exception!
joblib.externals.loky.process_executor._RemoteTraceback: 
"""
Traceback (most recent call last):
  File "/mnt/Windows/Users/Rik/Desktop/Rikj-Home/Projects/Freqtrade-Git/user_data/strategies/MasterMoniGoManiHyperStrategy.py", line 84, in MasterMoniGoManiHyperStrategy
    min_weighted_signal_value = mgm_config['weighted_signals']['min_weighted_signal_value']
KeyError: 'weighted_signals'

During handling of the above exception, another exception occurred:

Traceback (most recent call last):
  File "/mnt/Windows/Users/Rik/Desktop/Rikj-Home/Projects/Freqtrade-Git/.env/lib/python3.9/site-packages/joblib/externals/loky/process_executor.py", line 404, in _process_worker
    call_item = call_queue.get(block=True, timeout=timeout)
  File "/usr/lib/python3.9/multiprocessing/queues.py", line 122, in get
    return _ForkingPickler.loads(res)
  File "/mnt/Windows/Users/Rik/Desktop/Rikj-Home/Projects/Freqtrade-Git/.env/lib/python3.9/site-packages/joblib/externals/loky/cloudpickle_wrapper.py", line 48, in _reconstruct_wrapper
    obj = loads(_pickled_object)
  File "/mnt/Windows/Users/Rik/Desktop/Rikj-Home/Projects/Freqtrade-Git/user_data/strategies/MasterMoniGoManiHyperStrategy.py", line 26, in <module>
    class MasterMoniGoManiHyperStrategy(IStrategy, ABC):
  File "/mnt/Windows/Users/Rik/Desktop/Rikj-Home/Projects/Freqtrade-Git/user_data/strategies/MasterMoniGoManiHyperStrategy.py", line 107, in MasterMoniGoManiHyperStrategy
    sys.exit(f'MoniGoManiHyperStrategy - ERROR - The main MoniGoMani configuration file ({mgm_config_name}) is '
SystemExit: MoniGoManiHyperStrategy - ERROR - The main MoniGoMani configuration file (mgm-config.json) is missing some settings. Please make sure that all MoniGoMani related settings are existing inside this file. 'weighted_signals' has been detected as missing from the file...
"""

^ Don't edit MasterMoniGoManiHyperStrategy.py while HyperOpting! :D